This is XeTeX, Version 3.141592653-2.6-0.999997 (TeX Live 2025) (preloaded format=xelatex 2025.3.12)  17 MAY 2025 16:46
entering extended mode
 restricted \write18 enabled.
 %&-line parsing enabled.
**elegantpaper-cn.tex
(./elegantpaper-cn.tex
LaTeX2e <2024-11-01> patch level 2
L3 programming layer <2025-01-18>
(./elegantpaper.cls
Document Class: elegantpaper 2022/04/09 v0.10 ElegantLaTeX Paper class
(d:/Program Files/texlive/2025/texmf-dist/tex/latex/kvoptions/kvoptions.sty
Package: kvoptions 2022-06-15 v3.15 Key value format for package options (HO)

(d:/Program Files/texlive/2025/texmf-dist/tex/latex/graphics/keyval.sty
Package: keyval 2022/05/29 v1.15 key=value parser (DPC)
\KV@toks@=\toks17
)
(d:/Program Files/texlive/2025/texmf-dist/tex/generic/ltxcmds/ltxcmds.sty
Package: ltxcmds 2023-12-04 v1.26 LaTeX kernel commands for general use (HO)
)
(d:/Program Files/texlive/2025/texmf-dist/tex/latex/kvsetkeys/kvsetkeys.sty
Package: kvsetkeys 2022-10-05 v1.19 Key value parser (HO)
))
(d:/Program Files/texlive/2025/texmf-dist/tex/latex/etoolbox/etoolbox.sty
Package: etoolbox 2025/02/11 v2.5l e-TeX tools for LaTeX (JAW)
\etb@tempcnta=\count192
)
(d:/Program Files/texlive/2025/texmf-dist/tex/latex/tools/calc.sty
Package: calc 2023/07/08 v4.3 Infix arithmetic (KKT,FJ)
\calc@Acount=\count193
\calc@Bcount=\count194
\calc@Adimen=\dimen141
\calc@Bdimen=\dimen142
\calc@Askip=\skip49
\calc@Bskip=\skip50
LaTeX Info: Redefining \setlength on input line 80.
LaTeX Info: Redefining \addtolength on input line 81.
\calc@Ccount=\count195
\calc@Cskip=\skip51
)
(d:/Program Files/texlive/2025/texmf-dist/tex/latex/base/article.cls
Document Class: article 2024/06/29 v1.4n Standard LaTeX document class
(d:/Program Files/texlive/2025/texmf-dist/tex/latex/base/size11.clo
File: size11.clo 2024/06/29 v1.4n Standard LaTeX file (size option)
)
\c@part=\count196
\c@section=\count197
\c@subsection=\count198
\c@subsubsection=\count199
\c@paragraph=\count266
\c@subparagraph=\count267
\c@figure=\count268
\c@table=\count269
\abovecaptionskip=\skip52
\belowcaptionskip=\skip53
\bibindent=\dimen143
)
(d:/Program Files/texlive/2025/texmf-dist/tex/latex/hyperref/hyperref.sty
Package: hyperref 2024-11-05 v7.01l Hypertext links for LaTeX

(d:/Program Files/texlive/2025/texmf-dist/tex/generic/iftex/iftex.sty
Package: iftex 2024/12/12 v1.0g TeX engine tests
)
(d:/Program Files/texlive/2025/texmf-dist/tex/generic/kvdefinekeys/kvdefinekeys
.sty
Package: kvdefinekeys 2019-12-19 v1.6 Define keys (HO)
)
(d:/Program Files/texlive/2025/texmf-dist/tex/generic/pdfescape/pdfescape.sty
Package: pdfescape 2019/12/09 v1.15 Implements pdfTeX's escape features (HO)

(d:/Program Files/texlive/2025/texmf-dist/tex/generic/pdftexcmds/pdftexcmds.sty
Package: pdftexcmds 2020-06-27 v0.33 Utility functions of pdfTeX for LuaTeX (HO
)
(d:/Program Files/texlive/2025/texmf-dist/tex/generic/infwarerr/infwarerr.sty
Package: infwarerr 2019/12/03 v1.5 Providing info/warning/error messages (HO)
)
Package pdftexcmds Info: \pdf@primitive is available.
Package pdftexcmds Info: \pdf@ifprimitive is available.
Package pdftexcmds Info: \pdfdraftmode not found.
)) (d:/Program Files/texlive/2025/texmf-dist/tex/latex/hycolor/hycolor.sty
Package: hycolor 2020-01-27 v1.10 Color options for hyperref/bookmark (HO)
)
(d:/Program Files/texlive/2025/texmf-dist/tex/latex/hyperref/nameref.sty
Package: nameref 2023-11-26 v2.56 Cross-referencing by name of section

(d:/Program Files/texlive/2025/texmf-dist/tex/latex/refcount/refcount.sty
Package: refcount 2019/12/15 v3.6 Data extraction from label references (HO)
)
(d:/Program Files/texlive/2025/texmf-dist/tex/generic/gettitlestring/gettitlest
ring.sty
Package: gettitlestring 2019/12/15 v1.6 Cleanup title references (HO)
)
\c@section@level=\count270
)
(d:/Program Files/texlive/2025/texmf-dist/tex/generic/stringenc/stringenc.sty
Package: stringenc 2019/11/29 v1.12 Convert strings between diff. encodings (HO
)
)
\@linkdim=\dimen144
\Hy@linkcounter=\count271
\Hy@pagecounter=\count272

(d:/Program Files/texlive/2025/texmf-dist/tex/latex/hyperref/pd1enc.def
File: pd1enc.def 2024-11-05 v7.01l Hyperref: PDFDocEncoding definition (HO)
)
(d:/Program Files/texlive/2025/texmf-dist/tex/generic/intcalc/intcalc.sty
Package: intcalc 2019/12/15 v1.3 Expandable calculations with integers (HO)
)
\Hy@SavedSpaceFactor=\count273

(d:/Program Files/texlive/2025/texmf-dist/tex/latex/hyperref/puenc.def
File: puenc.def 2024-11-05 v7.01l Hyperref: PDF Unicode definition (HO)
)
Package hyperref Info: Hyper figures OFF on input line 4157.
Package hyperref Info: Link nesting OFF on input line 4162.
Package hyperref Info: Hyper index ON on input line 4165.
Package hyperref Info: Plain pages OFF on input line 4172.
Package hyperref Info: Backreferencing OFF on input line 4177.
Package hyperref Info: Implicit mode ON; LaTeX internals redefined.
Package hyperref Info: Bookmarks ON on input line 4424.
\c@Hy@tempcnt=\count274

(d:/Program Files/texlive/2025/texmf-dist/tex/latex/url/url.sty
\Urlmuskip=\muskip17
Package: url 2013/09/16  ver 3.4  Verb mode for urls, etc.
)
LaTeX Info: Redefining \url on input line 4763.
\XeTeXLinkMargin=\dimen145

(d:/Program Files/texlive/2025/texmf-dist/tex/generic/bitset/bitset.sty
Package: bitset 2019/12/09 v1.3 Handle bit-vector datatype (HO)

(d:/Program Files/texlive/2025/texmf-dist/tex/generic/bigintcalc/bigintcalc.sty
Package: bigintcalc 2019/12/15 v1.5 Expandable calculations on big integers (HO
)
))
\Fld@menulength=\count275
\Field@Width=\dimen146
\Fld@charsize=\dimen147
Package hyperref Info: Hyper figures OFF on input line 6042.
Package hyperref Info: Link nesting OFF on input line 6047.
Package hyperref Info: Hyper index ON on input line 6050.
Package hyperref Info: backreferencing OFF on input line 6057.
Package hyperref Info: Link coloring OFF on input line 6062.
Package hyperref Info: Link coloring with OCG OFF on input line 6067.
Package hyperref Info: PDF/A mode OFF on input line 6072.
 (d:/Program Files/texlive/2025/texmf-dist/tex/latex/base/atbegshi-ltx.sty
Package: atbegshi-ltx 2021/01/10 v1.0c Emulation of the original atbegshi
package with kernel methods
)
\Hy@abspage=\count276
\c@Item=\count277
\c@Hfootnote=\count278
)
Package hyperref Info: Driver (autodetected): hxetex.

(d:/Program Files/texlive/2025/texmf-dist/tex/latex/hyperref/hxetex.def
File: hxetex.def 2024-11-05 v7.01l Hyperref driver for XeTeX
\pdfm@box=\box52
\c@Hy@AnnotLevel=\count279
\HyField@AnnotCount=\count280
\Fld@listcount=\count281
\c@bookmark@seq@number=\count282

(d:/Program Files/texlive/2025/texmf-dist/tex/latex/rerunfilecheck/rerunfileche
ck.sty
Package: rerunfilecheck 2022-07-10 v1.10 Rerun checks for auxiliary files (HO)

(d:/Program Files/texlive/2025/texmf-dist/tex/latex/base/atveryend-ltx.sty
Package: atveryend-ltx 2020/08/19 v1.0a Emulation of the original atveryend pac
kage
with kernel methods
)
(d:/Program Files/texlive/2025/texmf-dist/tex/generic/uniquecounter/uniquecount
er.sty
Package: uniquecounter 2019/12/15 v1.4 Provide unlimited unique counter (HO)
)
Package uniquecounter Info: New unique counter `rerunfilecheck' on input line 2
85.
)
\Hy@SectionHShift=\skip54
)
Package hyperref Info: Option `colorlinks' set `true' on input line 54.

(d:/Program Files/texlive/2025/texmf-dist/tex/latex/geometry/geometry.sty
Package: geometry 2020/01/02 v5.9 Page Geometry

(d:/Program Files/texlive/2025/texmf-dist/tex/generic/iftex/ifvtex.sty
Package: ifvtex 2019/10/25 v1.7 ifvtex legacy package. Use iftex instead.
)
\Gm@cnth=\count283
\Gm@cntv=\count284
\c@Gm@tempcnt=\count285
\Gm@bindingoffset=\dimen148
\Gm@wd@mp=\dimen149
\Gm@odd@mp=\dimen150
\Gm@even@mp=\dimen151
\Gm@layoutwidth=\dimen152
\Gm@layoutheight=\dimen153
\Gm@layouthoffset=\dimen154
\Gm@layoutvoffset=\dimen155
\Gm@dimlist=\toks18
)
(d:/Program Files/texlive/2025/texmf-dist/tex/latex/amscls/amsthm.sty
Package: amsthm 2020/05/29 v2.20.6
\thm@style=\toks19
\thm@bodyfont=\toks20
\thm@headfont=\toks21
\thm@notefont=\toks22
\thm@headpunct=\toks23
\thm@preskip=\skip55
\thm@postskip=\skip56
\thm@headsep=\skip57
\dth@everypar=\toks24
)
(d:/Program Files/texlive/2025/texmf-dist/tex/latex/amsmath/amsmath.sty
Package: amsmath 2024/11/05 v2.17t AMS math features
\@mathmargin=\skip58

For additional information on amsmath, use the `?' option.
(d:/Program Files/texlive/2025/texmf-dist/tex/latex/amsmath/amstext.sty
Package: amstext 2021/08/26 v2.01 AMS text

(d:/Program Files/texlive/2025/texmf-dist/tex/latex/amsmath/amsgen.sty
File: amsgen.sty 1999/11/30 v2.0 generic functions
\@emptytoks=\toks25
\ex@=\dimen156
))
(d:/Program Files/texlive/2025/texmf-dist/tex/latex/amsmath/amsbsy.sty
Package: amsbsy 1999/11/29 v1.2d Bold Symbols
\pmbraise@=\dimen157
)
(d:/Program Files/texlive/2025/texmf-dist/tex/latex/amsmath/amsopn.sty
Package: amsopn 2022/04/08 v2.04 operator names
)
\inf@bad=\count286
LaTeX Info: Redefining \frac on input line 233.
\uproot@=\count287
\leftroot@=\count288
LaTeX Info: Redefining \overline on input line 398.
LaTeX Info: Redefining \colon on input line 409.
\classnum@=\count289
\DOTSCASE@=\count290
LaTeX Info: Redefining \ldots on input line 495.
LaTeX Info: Redefining \dots on input line 498.
LaTeX Info: Redefining \cdots on input line 619.
\Mathstrutbox@=\box53
\strutbox@=\box54
LaTeX Info: Redefining \big on input line 721.
LaTeX Info: Redefining \Big on input line 722.
LaTeX Info: Redefining \bigg on input line 723.
LaTeX Info: Redefining \Bigg on input line 724.
\big@size=\dimen158
LaTeX Font Info:    Redeclaring font encoding OML on input line 742.
LaTeX Font Info:    Redeclaring font encoding OMS on input line 743.
\macc@depth=\count291
LaTeX Info: Redefining \bmod on input line 904.
LaTeX Info: Redefining \pmod on input line 909.
LaTeX Info: Redefining \smash on input line 939.
LaTeX Info: Redefining \relbar on input line 969.
LaTeX Info: Redefining \Relbar on input line 970.
\c@MaxMatrixCols=\count292
\dotsspace@=\muskip18
\c@parentequation=\count293
\dspbrk@lvl=\count294
\tag@help=\toks26
\row@=\count295
\column@=\count296
\maxfields@=\count297
\andhelp@=\toks27
\eqnshift@=\dimen159
\alignsep@=\dimen160
\tagshift@=\dimen161
\tagwidth@=\dimen162
\totwidth@=\dimen163
\lineht@=\dimen164
\@envbody=\toks28
\multlinegap=\skip59
\multlinetaggap=\skip60
\mathdisplay@stack=\toks29
LaTeX Info: Redefining \[ on input line 2953.
LaTeX Info: Redefining \] on input line 2954.
)
(d:/Program Files/texlive/2025/texmf-dist/tex/latex/amsfonts/amssymb.sty
Package: amssymb 2013/01/14 v3.01 AMS font symbols

(d:/Program Files/texlive/2025/texmf-dist/tex/latex/amsfonts/amsfonts.sty
Package: amsfonts 2013/01/14 v3.01 Basic AMSFonts support
\symAMSa=\mathgroup4
\symAMSb=\mathgroup5
LaTeX Font Info:    Redeclaring math symbol \hbar on input line 98.
LaTeX Font Info:    Overwriting math alphabet `\mathfrak' in version `bold'
(Font)                  U/euf/m/n --> U/euf/b/n on input line 106.
))
(d:/Program Files/texlive/2025/texmf-dist/tex/latex/tools/indentfirst.sty
Package: indentfirst 2023/07/02 v1.03 Indent first paragraph (DPC)
)
(d:/Program Files/texlive/2025/texmf-dist/tex/latex/booktabs/booktabs.sty
Package: booktabs 2020/01/12 v1.61803398 Publication quality tables
\heavyrulewidth=\dimen165
\lightrulewidth=\dimen166
\cmidrulewidth=\dimen167
\belowrulesep=\dimen168
\belowbottomsep=\dimen169
\aboverulesep=\dimen170
\abovetopsep=\dimen171
\cmidrulesep=\dimen172
\cmidrulekern=\dimen173
\defaultaddspace=\dimen174
\@cmidla=\count298
\@cmidlb=\count299
\@aboverulesep=\dimen175
\@belowrulesep=\dimen176
\@thisruleclass=\count300
\@lastruleclass=\count301
\@thisrulewidth=\dimen177
)
(d:/Program Files/texlive/2025/texmf-dist/tex/latex/tools/multicol.sty
Package: multicol 2024/09/14 v1.9i multicolumn formatting (FMi)
\c@tracingmulticols=\count302
\mult@box=\box55
\multicol@leftmargin=\dimen178
\c@unbalance=\count303
\c@collectmore=\count304
\doublecol@number=\count305
\multicoltolerance=\count306
\multicolpretolerance=\count307
\full@width=\dimen179
\page@free=\dimen180
\premulticols=\dimen181
\postmulticols=\dimen182
\multicolsep=\skip61
\multicolbaselineskip=\skip62
\partial@page=\box56
\last@line=\box57
\mc@boxedresult=\box58
\maxbalancingoverflow=\dimen183
\mult@rightbox=\box59
\mult@grightbox=\box60
\mult@firstbox=\box61
\mult@gfirstbox=\box62
\@tempa=\box63
\@tempa=\box64
\@tempa=\box65
\@tempa=\box66
\@tempa=\box67
\@tempa=\box68
\@tempa=\box69
\@tempa=\box70
\@tempa=\box71
\@tempa=\box72
\@tempa=\box73
\@tempa=\box74
\@tempa=\box75
\@tempa=\box76
\@tempa=\box77
\@tempa=\box78
\@tempa=\box79
\@tempa=\box80
\@tempa=\box81
\@tempa=\box82
\@tempa=\box83
\@tempa=\box84
\@tempa=\box85
\@tempa=\box86
\@tempa=\box87
\@tempa=\box88
\@tempa=\box89
\@tempa=\box90
\@tempa=\box91
\@tempa=\box92
\@tempa=\box93
\@tempa=\box94
\@tempa=\box95
\@tempa=\box96
\@tempa=\box97
\@tempa=\box98
\c@minrows=\count308
\c@columnbadness=\count309
\c@finalcolumnbadness=\count310
\last@try=\dimen184
\multicolovershoot=\dimen185
\multicolundershoot=\dimen186
\mult@nat@firstbox=\box99
\colbreak@box=\box100
\mc@col@check@num=\count311
)
(d:/Program Files/texlive/2025/texmf-dist/tex/latex/multirow/multirow.sty
Package: multirow 2024/11/12 v2.9 Span multiple rows of a table
\multirow@colwidth=\skip63
\multirow@cntb=\count312
\multirow@dima=\skip64
\bigstrutjot=\dimen187
)
(d:/Program Files/texlive/2025/texmf-dist/tex/latex/xcolor/xcolor.sty
Package: xcolor 2024/09/29 v3.02 LaTeX color extensions (UK)

(d:/Program Files/texlive/2025/texmf-dist/tex/latex/graphics-cfg/color.cfg
File: color.cfg 2016/01/02 v1.6 sample color configuration
)
Package xcolor Info: Driver file: xetex.def on input line 274.

(d:/Program Files/texlive/2025/texmf-dist/tex/latex/graphics-def/xetex.def
File: xetex.def 2022/09/22 v5.0n Graphics/color driver for xetex
)
(d:/Program Files/texlive/2025/texmf-dist/tex/latex/graphics/mathcolor.ltx)
Package xcolor Info: Model `cmy' substituted by `cmy0' on input line 1349.
Package xcolor Info: Model `RGB' extended on input line 1365.
Package xcolor Info: Model `HTML' substituted by `rgb' on input line 1367.
Package xcolor Info: Model `Hsb' substituted by `hsb' on input line 1368.
Package xcolor Info: Model `tHsb' substituted by `hsb' on input line 1369.
Package xcolor Info: Model `HSB' substituted by `hsb' on input line 1370.
Package xcolor Info: Model `Gray' substituted by `gray' on input line 1371.
Package xcolor Info: Model `wave' substituted by `hsb' on input line 1372.
)
(d:/Program Files/texlive/2025/texmf-dist/tex/latex/graphics/graphicx.sty
Package: graphicx 2021/09/16 v1.2d Enhanced LaTeX Graphics (DPC,SPQR)

(d:/Program Files/texlive/2025/texmf-dist/tex/latex/graphics/graphics.sty
Package: graphics 2024/08/06 v1.4g Standard LaTeX Graphics (DPC,SPQR)

(d:/Program Files/texlive/2025/texmf-dist/tex/latex/graphics/trig.sty
Package: trig 2023/12/02 v1.11 sin cos tan (DPC)
)
(d:/Program Files/texlive/2025/texmf-dist/tex/latex/graphics-cfg/graphics.cfg
File: graphics.cfg 2016/06/04 v1.11 sample graphics configuration
)
Package graphics Info: Driver file: xetex.def on input line 106.
)
\Gin@req@height=\dimen188
\Gin@req@width=\dimen189
) (d:/Program Files/texlive/2025/texmf-dist/tex/latex/fancyvrb/fancyvrb.sty
Package: fancyvrb 2024/01/20 4.5c verbatim text (tvz,hv)
\FV@CodeLineNo=\count313
\FV@InFile=\read2
\FV@TabBox=\box101
\c@FancyVerbLine=\count314
\FV@StepNumber=\count315
\FV@OutFile=\write3
)
(d:/Program Files/texlive/2025/texmf-dist/tex/latex/abstract/abstract.sty
Package: abstract 2009/06/08 v1.2a configurable abstracts
\abstitleskip=\skip65
\absleftindent=\skip66
\absrightindent=\skip67
\absparindent=\skip68
\absparsep=\skip69
)
(d:/Program Files/texlive/2025/texmf-dist/tex/generic/hologo/hologo.sty
Package: hologo 2021-11-16 v1.15 A logo collection with bookmark support (HO)
)
(d:/Program Files/texlive/2025/texmf-dist/tex/latex/caption/caption.sty
Package: caption 2023/08/05 v3.6o Customizing captions (AR)

(d:/Program Files/texlive/2025/texmf-dist/tex/latex/caption/caption3.sty
Package: caption3 2023/07/31 v2.4d caption3 kernel (AR)
\caption@tempdima=\dimen190
\captionmargin=\dimen191
\caption@leftmargin=\dimen192
\caption@rightmargin=\dimen193
\caption@width=\dimen194
\caption@indent=\dimen195
\caption@parindent=\dimen196
\caption@hangindent=\dimen197
Package caption Info: Standard document class detected.
)
\c@caption@flags=\count316
\c@continuedfloat=\count317
Package caption Info: hyperref package is loaded.
)
(d:/Program Files/texlive/2025/texmf-dist/tex/latex/enumitem/enumitem.sty
Package: enumitem 2025/02/06 v3.11 Customized lists
\labelindent=\skip70
\enit@outerparindent=\dimen198
\enit@toks=\toks30
\enit@inbox=\box102
\enit@count@id=\count318
\enitdp@description=\count319
)
(d:/Program Files/texlive/2025/texmf-dist/tex/latex/fontspec/fontspec.sty
(d:/Program Files/texlive/2025/texmf-dist/tex/latex/l3packages/xparse/xparse.st
y (d:/Program Files/texlive/2025/texmf-dist/tex/latex/l3kernel/expl3.sty
Package: expl3 2025-01-18 L3 programming layer (loader) 

(d:/Program Files/texlive/2025/texmf-dist/tex/latex/l3backend/l3backend-xetex.d
ef
File: l3backend-xetex.def 2024-05-08 L3 backend support: XeTeX
\g__graphics_track_int=\count320
\l__pdf_internal_box=\box103
\g__pdf_backend_annotation_int=\count321
\g__pdf_backend_link_int=\count322
))
Package: xparse 2024-08-16 L3 Experimental document command parser
)
Package: fontspec 2024/05/11 v2.9e Font selection for XeLaTeX and LuaLaTeX

(d:/Program Files/texlive/2025/texmf-dist/tex/latex/fontspec/fontspec-xetex.sty
Package: fontspec-xetex 2024/05/11 v2.9e Font selection for XeLaTeX and LuaLaTe
X
\l__fontspec_script_int=\count323
\l__fontspec_language_int=\count324
\l__fontspec_strnum_int=\count325
\l__fontspec_tmp_int=\count326
\l__fontspec_tmpa_int=\count327
\l__fontspec_tmpb_int=\count328
\l__fontspec_tmpc_int=\count329
\l__fontspec_em_int=\count330
\l__fontspec_emdef_int=\count331
\l__fontspec_strong_int=\count332
\l__fontspec_strongdef_int=\count333
\l__fontspec_tmpa_dim=\dimen199
\l__fontspec_tmpb_dim=\dimen256
\l__fontspec_tmpc_dim=\dimen257
(d:/Program Files/texlive/2025/texmf-dist/tex/latex/base/fontenc.sty
Package: fontenc 2021/04/29 v2.0v Standard LaTeX package
)
(d:/Program Files/texlive/2025/texmf-dist/tex/latex/fontspec/fontspec.cfg)))
LaTeX Font Info:    Font shape `TU/texgyretermes(0)/m/n' will be
(Font)              scaled to size 10.95pt on input line 119.

(d:/Program Files/texlive/2025/texmf-dist/tex/latex/ctex/ctex.sty
Package: ctex 2022/07/14 v2.5.10 Chinese adapter in LaTeX (CTEX)

(d:/Program Files/texlive/2025/texmf-dist/tex/latex/ctex/ctexhook.sty
Package: ctexhook 2022/07/14 v2.5.10 Document and package hooks (CTEX)
)
(d:/Program Files/texlive/2025/texmf-dist/tex/latex/ctex/ctexpatch.sty
Package: ctexpatch 2022/07/14 v2.5.10 Patching commands (CTEX)
)
(d:/Program Files/texlive/2025/texmf-dist/tex/latex/base/fix-cm.sty
Package: fix-cm 2020/11/24 v1.1t fixes to LaTeX

(d:/Program Files/texlive/2025/texmf-dist/tex/latex/base/ts1enc.def
File: ts1enc.def 2001/06/05 v3.0e (jk/car/fm) Standard LaTeX file
LaTeX Font Info:    Redeclaring font encoding TS1 on input line 47.
))
\l__ctex_tmp_int=\count334
\l__ctex_tmp_box=\box104
\l__ctex_tmp_dim=\dimen258
\g__ctex_section_depth_int=\count335
\g__ctex_font_size_int=\count336

(d:/Program Files/texlive/2025/texmf-dist/tex/latex/ctex/config/ctexopts.cfg
File: ctexopts.cfg 2022/07/14 v2.5.10 Option configuration file (CTEX)
)
(d:/Program Files/texlive/2025/texmf-dist/tex/latex/ctex/engine/ctex-engine-xet
ex.def
File: ctex-engine-xetex.def 2022/07/14 v2.5.10 XeLaTeX adapter (CTEX)
 (d:/Program Files/texlive/2025/texmf-dist/tex/xelatex/xecjk/xeCJK.sty
Package: xeCJK 2022/08/05 v3.9.1 Typesetting CJK scripts with XeLaTeX

(d:/Program Files/texlive/2025/texmf-dist/tex/latex/l3packages/xtemplate/xtempl
ate.sty
Package: xtemplate 2024-08-16 L3 Experimental prototype document functions
)
\l__xeCJK_tmp_int=\count337
\l__xeCJK_tmp_box=\box105
\l__xeCJK_tmp_dim=\dimen259
\l__xeCJK_tmp_skip=\skip71
\g__xeCJK_space_factor_int=\count338
\l__xeCJK_begin_int=\count339
\l__xeCJK_end_int=\count340
\c__xeCJK_CJK_class_int=\XeTeXcharclass1
\c__xeCJK_FullLeft_class_int=\XeTeXcharclass2
\c__xeCJK_FullRight_class_int=\XeTeXcharclass3
\c__xeCJK_HalfLeft_class_int=\XeTeXcharclass4
\c__xeCJK_HalfRight_class_int=\XeTeXcharclass5
\c__xeCJK_NormalSpace_class_int=\XeTeXcharclass6
\c__xeCJK_CM_class_int=\XeTeXcharclass7
\c__xeCJK_HangulJamo_class_int=\XeTeXcharclass8
\l__xeCJK_last_skip=\skip72
\c__xeCJK_none_node=\count341
\g__xeCJK_node_int=\count342
\c__xeCJK_CJK_node_dim=\dimen260
\c__xeCJK_CJK-space_node_dim=\dimen261
\c__xeCJK_default_node_dim=\dimen262
\c__xeCJK_CJK-widow_node_dim=\dimen263
\c__xeCJK_normalspace_node_dim=\dimen264
\c__xeCJK_default-space_node_skip=\skip73
\l__xeCJK_ccglue_skip=\skip74
\l__xeCJK_ecglue_skip=\skip75
\l__xeCJK_punct_kern_skip=\skip76
\l__xeCJK_indent_box=\box106
\l__xeCJK_last_penalty_int=\count343
\l__xeCJK_last_bound_dim=\dimen265
\l__xeCJK_last_kern_dim=\dimen266
\l__xeCJK_widow_penalty_int=\count344

LaTeX template Info: Declaring template type 'xeCJK/punctuation' taking 0
(template)           argument(s) on line 2396.

\l__xeCJK_fixed_punct_width_dim=\dimen267
\l__xeCJK_mixed_punct_width_dim=\dimen268
\l__xeCJK_middle_punct_width_dim=\dimen269
\l__xeCJK_fixed_margin_width_dim=\dimen270
\l__xeCJK_mixed_margin_width_dim=\dimen271
\l__xeCJK_middle_margin_width_dim=\dimen272
\l__xeCJK_bound_punct_width_dim=\dimen273
\l__xeCJK_bound_margin_width_dim=\dimen274
\l__xeCJK_margin_minimum_dim=\dimen275
\l__xeCJK_kerning_total_width_dim=\dimen276
\l__xeCJK_same_align_margin_dim=\dimen277
\l__xeCJK_different_align_margin_dim=\dimen278
\l__xeCJK_kerning_margin_width_dim=\dimen279
\l__xeCJK_kerning_margin_minimum_dim=\dimen280
\l__xeCJK_bound_dim=\dimen281
\l__xeCJK_reverse_bound_dim=\dimen282
\l__xeCJK_margin_dim=\dimen283
\l__xeCJK_minimum_bound_dim=\dimen284
\l__xeCJK_kerning_margin_dim=\dimen285
\g__xeCJK_family_int=\count345
\l__xeCJK_fam_int=\count346
\g__xeCJK_fam_allocation_int=\count347
\l__xeCJK_verb_case_int=\count348
\l__xeCJK_verb_exspace_skip=\skip77
 (d:/Program Files/texlive/2025/texmf-dist/tex/xelatex/xecjk/xeCJK.cfg
File: xeCJK.cfg 2022/08/05 v3.9.1 Configuration file for xeCJK package
))
\ccwd=\dimen286
\l__ctex_ccglue_skip=\skip78
)
\l__ctex_ziju_dim=\dimen287
 (d:/Program Files/texlive/2025/texmf-dist/tex/latex/zhnumber/zhnumber.sty
Package: zhnumber 2022/07/14 v3.0 Typesetting numbers with Chinese glyphs
\l__zhnum_scale_int=\count349
\l__zhnum_tmp_int=\count350

(d:/Program Files/texlive/2025/texmf-dist/tex/latex/zhnumber/zhnumber-utf8.cfg
File: zhnumber-utf8.cfg 2022/07/14 v3.0 Chinese numerals with UTF8 encoding
))
(d:/Program Files/texlive/2025/texmf-dist/tex/latex/ctex/scheme/ctex-scheme-pla
in.def
File: ctex-scheme-plain.def 2022/07/14 v2.5.10 Plain scheme for generic (CTEX)
)
(d:/Program Files/texlive/2025/texmf-dist/tex/latex/ctex/fontset/ctex-fontset-w
indows.def
File: ctex-fontset-windows.def 2022/07/14 v2.5.10 Windows fonts definition (CTE
X)
))
(d:/Program Files/texlive/2025/texmf-dist/tex/latex/ctex/config/ctex.cfg
File: ctex.cfg 2022/07/14 v2.5.10 Configuration file (CTEX)
)
(d:/Program Files/texlive/2025/texmf-dist/tex/latex/biblatex/biblatex.sty
Package: biblatex 2024/03/21 v3.20 programmable bibliographies (PK/MW)

(d:/Program Files/texlive/2025/texmf-dist/tex/latex/logreq/logreq.sty
Package: logreq 2010/08/04 v1.0 xml request logger
\lrq@indent=\count351

(d:/Program Files/texlive/2025/texmf-dist/tex/latex/logreq/logreq.def
File: logreq.def 2010/08/04 v1.0 logreq spec v1.0
))
(d:/Program Files/texlive/2025/texmf-dist/tex/latex/base/ifthen.sty
Package: ifthen 2024/03/16 v1.1e Standard LaTeX ifthen package (DPC)
)
\c@tabx@nest=\count352
\c@listtotal=\count353
\c@listcount=\count354
\c@liststart=\count355
\c@liststop=\count356
\c@citecount=\count357
\c@citetotal=\count358
\c@multicitecount=\count359
\c@multicitetotal=\count360
\c@instcount=\count361
\c@maxnames=\count362
\c@minnames=\count363
\c@maxitems=\count364
\c@minitems=\count365
\c@citecounter=\count366
\c@maxcitecounter=\count367
\c@savedcitecounter=\count368
\c@uniquelist=\count369
\c@uniquename=\count370
\c@refsection=\count371
\c@refsegment=\count372
\c@maxextratitle=\count373
\c@maxextratitleyear=\count374
\c@maxextraname=\count375
\c@maxextradate=\count376
\c@maxextraalpha=\count377
\c@abbrvpenalty=\count378
\c@highnamepenalty=\count379
\c@lownamepenalty=\count380
\c@maxparens=\count381
\c@parenlevel=\count382
\blx@tempcnta=\count383
\blx@tempcntb=\count384
\blx@tempcntc=\count385
\c@blx@maxsection=\count386
\blx@maxsegment@0=\count387
\blx@notetype=\count388
\blx@parenlevel@text=\count389
\blx@parenlevel@foot=\count390
\blx@sectionciteorder@0=\count391
\blx@sectionciteorderinternal@0=\count392
\blx@entrysetcounter=\count393
\blx@biblioinstance=\count394
\labelnumberwidth=\skip79
\labelalphawidth=\skip80
\biblabelsep=\skip81
\bibitemsep=\skip82
\bibnamesep=\skip83
\bibinitsep=\skip84
\bibparsep=\skip85
\bibhang=\skip86
\blx@bcfin=\read3
\blx@bcfout=\write4
\blx@langwohyphens=\language6
\c@mincomprange=\count395
\c@maxcomprange=\count396
\c@mincompwidth=\count397
Package biblatex Info: Trying to load biblatex default data model...
Package biblatex Info: ... file 'blx-dm.def' found.

(d:/Program Files/texlive/2025/texmf-dist/tex/latex/biblatex/blx-dm.def
File: blx-dm.def 2024/03/21 v3.20 biblatex datamodel (PK/MW)
)
Package biblatex Info: Trying to load biblatex citestyle data model...
Package biblatex Info: ... file 'numeric-comp.dbx' not found.
Package biblatex Info: Trying to load biblatex bibstyle data model...
Package biblatex Info: ... file 'numeric.dbx' not found.
Package biblatex Info: Trying to load biblatex custom data model...
Package biblatex Info: ... file 'biblatex-dm.cfg' not found.
\c@afterword=\count398
\c@savedafterword=\count399
\c@annotator=\count400
\c@savedannotator=\count401
\c@author=\count402
\c@savedauthor=\count403
\c@bookauthor=\count404
\c@savedbookauthor=\count405
\c@commentator=\count406
\c@savedcommentator=\count407
\c@editor=\count408
\c@savededitor=\count409
\c@editora=\count410
\c@savededitora=\count411
\c@editorb=\count412
\c@savededitorb=\count413
\c@editorc=\count414
\c@savededitorc=\count415
\c@foreword=\count416
\c@savedforeword=\count417
\c@holder=\count418
\c@savedholder=\count419
\c@introduction=\count420
\c@savedintroduction=\count421
\c@namea=\count422
\c@savednamea=\count423
\c@nameb=\count424
\c@savednameb=\count425
\c@namec=\count426
\c@savednamec=\count427
\c@translator=\count428
\c@savedtranslator=\count429
\c@shortauthor=\count430
\c@savedshortauthor=\count431
\c@shorteditor=\count432
\c@savedshorteditor=\count433
\c@labelname=\count434
\c@savedlabelname=\count435
\c@institution=\count436
\c@savedinstitution=\count437
\c@lista=\count438
\c@savedlista=\count439
\c@listb=\count440
\c@savedlistb=\count441
\c@listc=\count442
\c@savedlistc=\count443
\c@listd=\count444
\c@savedlistd=\count445
\c@liste=\count446
\c@savedliste=\count447
\c@listf=\count448
\c@savedlistf=\count449
\c@location=\count450
\c@savedlocation=\count451
\c@organization=\count452
\c@savedorganization=\count453
\c@origlocation=\count454
\c@savedoriglocation=\count455
\c@origpublisher=\count456
\c@savedorigpublisher=\count457
\c@publisher=\count458
\c@savedpublisher=\count459
\c@language=\count460
\c@savedlanguage=\count461
\c@origlanguage=\count462
\c@savedoriglanguage=\count463
\c@pageref=\count464
\c@savedpageref=\count465
\shorthandwidth=\skip87
\shortjournalwidth=\skip88
\shortserieswidth=\skip89
\shorttitlewidth=\skip90
\shortauthorwidth=\skip91
\shorteditorwidth=\skip92
\locallabelnumberwidth=\skip93
\locallabelalphawidth=\skip94
\localshorthandwidth=\skip95
\localshortjournalwidth=\skip96
\localshortserieswidth=\skip97
\localshorttitlewidth=\skip98
\localshortauthorwidth=\skip99
\localshorteditorwidth=\skip100
Package biblatex Info: Trying to load enhanced support for Unicode engines...
Package biblatex Info: ... file 'blx-unicode.def' found.

(d:/Program Files/texlive/2025/texmf-dist/tex/latex/biblatex/blx-unicode.def)
Package biblatex Info: Trying to load compatibility code...
Package biblatex Info: ... file 'blx-compat.def' found.

(d:/Program Files/texlive/2025/texmf-dist/tex/latex/biblatex/blx-compat.def
File: blx-compat.def 2024/03/21 v3.20 biblatex compatibility (PK/MW)
)
Package biblatex Info: Trying to load generic definitions...
Package biblatex Info: ... file 'biblatex.def' found.

(d:/Program Files/texlive/2025/texmf-dist/tex/latex/biblatex/biblatex.def
File: biblatex.def 2024/03/21 v3.20 biblatex compatibility (PK/MW)
\c@textcitecount=\count466
\c@textcitetotal=\count467
\c@textcitemaxnames=\count468
\c@biburlbigbreakpenalty=\count469
\c@biburlbreakpenalty=\count470
\c@biburlnumpenalty=\count471
\c@biburlucpenalty=\count472
\c@biburllcpenalty=\count473
\biburlbigskip=\muskip19
\biburlnumskip=\muskip20
\biburlucskip=\muskip21
\biburllcskip=\muskip22
\c@smartand=\count474
)
Package biblatex Info: Trying to load bibliography style 'numeric'...
Package biblatex Info: ... file 'numeric.bbx' found.

(d:/Program Files/texlive/2025/texmf-dist/tex/latex/biblatex/bbx/numeric.bbx
File: numeric.bbx 2024/03/21 v3.20 biblatex bibliography style (PK/MW)
Package biblatex Info: Trying to load bibliography style 'standard'...
Package biblatex Info: ... file 'standard.bbx' found.

(d:/Program Files/texlive/2025/texmf-dist/tex/latex/biblatex/bbx/standard.bbx
File: standard.bbx 2024/03/21 v3.20 biblatex bibliography style (PK/MW)
\c@bbx:relatedcount=\count475
\c@bbx:relatedtotal=\count476
))
Package biblatex Info: Trying to load citation style 'numeric-comp'...
Package biblatex Info: ... file 'numeric-comp.cbx' found.

(d:/Program Files/texlive/2025/texmf-dist/tex/latex/biblatex/cbx/numeric-comp.c
bx
File: numeric-comp.cbx 2024/03/21 v3.20 biblatex citation style (PK/MW)
\c@cbx@tempcnta=\count477
\c@cbx@tempcntb=\count478
\c@cbx@tempcntc=\count479
\c@cbx@tempcntd=\count480
Package biblatex Info: Redefining '\cite'.
Package biblatex Info: Redefining '\parencite'.
Package biblatex Info: Redefining '\footcite'.
Package biblatex Info: Redefining '\footcitetext'.
Package biblatex Info: Redefining '\smartcite'.
Package biblatex Info: Redefining '\supercite'.
Package biblatex Info: Redefining '\textcite'.
Package biblatex Info: Redefining '\textcites'.
Package biblatex Info: Redefining '\cites'.
Package biblatex Info: Redefining '\parencites'.
Package biblatex Info: Redefining '\smartcites'.
)
Package biblatex Info: Trying to load configuration file...
Package biblatex Info: ... file 'biblatex.cfg' found.
 (d:/Program Files/texlive/2025/texmf-dist/tex/latex/biblatex/biblatex.cfg
File: biblatex.cfg 
)
Package biblatex Info: XeTeX detected.
(biblatex)             Assuming input encoding 'utf8'.
Package biblatex Info: Document encoding is UTF8 ....
Package biblatex Info: ... and expl3
(biblatex)             2025-01-18 L3 programming layer (loader) 
(biblatex)             is new enough (at least 2020/04/06),
(biblatex)             setting 'casechanger=expl3'.

(d:/Program Files/texlive/2025/texmf-dist/tex/latex/biblatex/blx-case-expl3.sty
Package: blx-case-expl3 2024/03/21 v3.20 expl3 case changing code for biblatex
)) (d:/Program Files/texlive/2025/texmf-dist/tex/latex/appendix/appendix.sty
Package: appendix 2020/02/08 v1.2c extra appendix facilities
\c@@pps=\count481
\c@@ppsavesec=\count482
\c@@ppsaveapp=\count483
)
\c@theorem=\count484
\c@definition=\count485
\c@conjecture=\count486
\c@example=\count487
\c@case=\count488
\version=\toks31
\institute=\toks32

(d:/Program Files/texlive/2025/texmf-dist/tex/latex/listings/listings.sty
\lst@mode=\count489
\lst@gtempboxa=\box107
\lst@token=\toks33
\lst@length=\count490
\lst@currlwidth=\dimen288
\lst@column=\count491
\lst@pos=\count492
\lst@lostspace=\dimen289
\lst@width=\dimen290
\lst@newlines=\count493
\lst@lineno=\count494
\lst@maxwidth=\dimen291

(d:/Program Files/texlive/2025/texmf-dist/tex/latex/listings/lstpatch.sty
File: lstpatch.sty 2024/09/23 1.10c (Carsten Heinz)
)
(d:/Program Files/texlive/2025/texmf-dist/tex/latex/listings/lstmisc.sty
File: lstmisc.sty 2024/09/23 1.10c (Carsten Heinz)
\c@lstnumber=\count495
\lst@skipnumbers=\count496
\lst@framebox=\box108
)
(d:/Program Files/texlive/2025/texmf-dist/tex/latex/listings/listings.cfg
File: listings.cfg 2024/09/23 1.10c listings configuration
))
Package: listings 2024/09/23 1.10c (Carsten Heinz)

(d:/Program Files/texlive/2025/texmf-dist/tex/xelatex/xecjk/xeCJK-listings.sty
Package: xeCJK-listings 2022/08/05 v3.9.1 xeCJK patch file for listings
\l__xeCJK_listings_max_char_int=\count497
\l__xeCJK_listings_flag_int=\count498
) (d:/Program Files/texlive/2025/texmf-dist/tex/latex/listings/lstlang1.sty
File: lstlang1.sty 2024/09/23 1.10c listings language file
)
(d:/Program Files/texlive/2025/texmf-dist/tex/latex/listings/lstlang2.sty
File: lstlang2.sty 2024/09/23 1.10c listings language file
)
(d:/Program Files/texlive/2025/texmf-dist/tex/latex/listings/lstlang3.sty
File: lstlang3.sty 2024/09/23 1.10c listings language file
)
(d:/Program Files/texlive/2025/texmf-dist/tex/latex/listings/lstlang1.sty
File: lstlang1.sty 2024/09/23 1.10c listings language file
)
(d:/Program Files/texlive/2025/texmf-dist/tex/latex/listings/lstlang2.sty
File: lstlang2.sty 2024/09/23 1.10c listings language file
)
(d:/Program Files/texlive/2025/texmf-dist/tex/latex/listings/lstlang3.sty
File: lstlang3.sty 2024/09/23 1.10c listings language file
)
(d:/Program Files/texlive/2025/texmf-dist/tex/latex/listings/lstlang1.sty
File: lstlang1.sty 2024/09/23 1.10c listings language file
)
(d:/Program Files/texlive/2025/texmf-dist/tex/latex/listings/lstlang2.sty
File: lstlang2.sty 2024/09/23 1.10c listings language file
)
(d:/Program Files/texlive/2025/texmf-dist/tex/latex/listings/lstlang3.sty
File: lstlang3.sty 2024/09/23 1.10c listings language file
)
(d:/Program Files/texlive/2025/texmf-dist/tex/latex/listings/lstmisc.sty
File: lstmisc.sty 2024/09/23 1.10c (Carsten Heinz)
))
(d:/Program Files/texlive/2025/texmf-dist/tex/latex/tools/array.sty
Package: array 2024/10/17 v2.6g Tabular extension package (FMi)
\col@sep=\dimen292
\ar@mcellbox=\box109
\extrarowheight=\dimen293
\NC@list=\toks34
\extratabsurround=\skip101
\backup@length=\skip102
\ar@cellbox=\box110
)
\@quotelevel=\count499
\@quotereset=\count500

(./elegantpaper-cn.aux)
\openout1 = `elegantpaper-cn.aux'.

LaTeX Font Info:    Checking defaults for OML/cmm/m/it on input line 17.
LaTeX Font Info:    ... okay on input line 17.
LaTeX Font Info:    Checking defaults for OMS/cmsy/m/n on input line 17.
LaTeX Font Info:    ... okay on input line 17.
LaTeX Font Info:    Checking defaults for OT1/cmr/m/n on input line 17.
LaTeX Font Info:    ... okay on input line 17.
LaTeX Font Info:    Checking defaults for T1/cmr/m/n on input line 17.
LaTeX Font Info:    ... okay on input line 17.
LaTeX Font Info:    Checking defaults for TS1/cmr/m/n on input line 17.
LaTeX Font Info:    ... okay on input line 17.
LaTeX Font Info:    Checking defaults for TU/lmr/m/n on input line 17.
LaTeX Font Info:    ... okay on input line 17.
LaTeX Font Info:    Checking defaults for OMX/cmex/m/n on input line 17.
LaTeX Font Info:    ... okay on input line 17.
LaTeX Font Info:    Checking defaults for U/cmr/m/n on input line 17.
LaTeX Font Info:    ... okay on input line 17.
LaTeX Font Info:    Checking defaults for PD1/pdf/m/n on input line 17.
LaTeX Font Info:    ... okay on input line 17.
LaTeX Font Info:    Checking defaults for PU/pdf/m/n on input line 17.
LaTeX Font Info:    ... okay on input line 17.
Package hyperref Info: Link coloring ON on input line 17.
 (./elegantpaper-cn.out) (./elegantpaper-cn.out)
\@outlinefile=\write5
\openout5 = `elegantpaper-cn.out'.


*geometry* driver: auto-detecting
*geometry* detected driver: xetex
*geometry* verbose mode - [ preamble ] result:
* driver: xetex
* paper: a4paper
* layout: <same size as paper>
* layoutoffset:(h,v)=(0.0pt,0.0pt)
* modes: 
* h-part:(L,W,R)=(72.26999pt, 452.9679pt, 72.26999pt)
* v-part:(T,H,B)=(72.26999pt, 700.50687pt, 72.26999pt)
* \paperwidth=597.50787pt
* \paperheight=845.04684pt
* \textwidth=452.9679pt
* \textheight=700.50687pt
* \oddsidemargin=0.0pt
* \evensidemargin=0.0pt
* \topmargin=0.0pt
* \headheight=0.0pt
* \headsep=5.0pt
* \topskip=11.0pt
* \footskip=30.0pt
* \marginparwidth=50.0pt
* \marginparsep=10.0pt
* \columnsep=10.0pt
* \skip\footins=10.0pt plus 4.0pt minus 2.0pt
* \hoffset=0.0pt
* \voffset=0.0pt
* \mag=1000
* \@twocolumnfalse
* \@twosidefalse
* \@mparswitchfalse
* \@reversemarginfalse
* (1in=72.27pt=25.4mm, 1cm=28.453pt)

Package caption Info: Begin \AtBeginDocument code.
Package caption Info: listings package is loaded.
Package caption Info: End \AtBeginDocument code.
Package biblatex Info: Trying to load language 'english'...
Package biblatex Info: ... file 'english.lbx' found.
(d:/Program Files/texlive/2025/texmf-dist/tex/latex/biblatex/lbx/english.lbx
File: english.lbx 2024/03/21 v3.20 biblatex localization (PK/MW)
)
Package biblatex Info: XeTeX detected.
(biblatex)             Assuming input encoding 'utf8'.
Package biblatex Info: Automatic encoding selection.
(biblatex)             Assuming data encoding 'utf8'.
\openout4 = `elegantpaper-cn.bcf'.

Package biblatex Info: Trying to load bibliographic data...
Package biblatex Info: ... file 'elegantpaper-cn.bbl' not found.

No file elegantpaper-cn.bbl.
Package biblatex Info: Reference section=0 on input line 17.
Package biblatex Info: Reference segment=0 on input line 17.
(d:/Program Files/texlive/2025/texmf-dist/tex/latex/footmisc/footmisc.sty
Package: footmisc 2024/12/24 v6.0g a miscellany of footnote facilities
\FN@temptoken=\toks35
\footnotemargin=\dimen294
\@outputbox@depth=\dimen295
Package footmisc Info: Declaring symbol style bringhurst on input line 699.
Package footmisc Info: Declaring symbol style chicago on input line 707.
Package footmisc Info: Declaring symbol style wiley on input line 716.
Package footmisc Info: Declaring symbol style lamport-robust on input line 727.

Package footmisc Info: Declaring symbol style lamport* on input line 747.
Package footmisc Info: Declaring symbol style lamport*-robust on input line 768
.
)
\c@lstlisting=\count501
LaTeX Font Info:    Font shape `TU/texgyretermes(0)/m/n' will be
(Font)              scaled to size 17.28pt on input line 19.
LaTeX Font Info:    Font shape `TU/texgyretermes(0)/b/n' will be
(Font)              scaled to size 17.28pt on input line 19.
LaTeX Font Info:    Font shape `TU/texgyretermes(0)/m/n' will be
(Font)              scaled to size 12.0pt on input line 19.
LaTeX Font Info:    Font shape `TU/texgyretermes(0)/m/n' will be
(Font)              scaled to size 10.0pt on input line 19.
LaTeX Font Info:    Trying to load font information for U+msa on input line 19.


(d:/Program Files/texlive/2025/texmf-dist/tex/latex/amsfonts/umsa.fd
File: umsa.fd 2013/01/14 v3.01 AMS symbols A
)
LaTeX Font Info:    Trying to load font information for U+msb on input line 19.


(d:/Program Files/texlive/2025/texmf-dist/tex/latex/amsfonts/umsb.fd
File: umsb.fd 2013/01/14 v3.01 AMS symbols B
)
LaTeX Font Info:    Font shape `TU/texgyretermes(0)/b/n' will be
(Font)              scaled to size 10.0pt on input line 21.
LaTeX Font Info:    Font shape `TU/texgyretermes(0)/m/n' will be
(Font)              scaled to size 14.4pt on input line 26.
LaTeX Font Info:    Font shape `TU/texgyretermes(0)/b/n' will be
(Font)              scaled to size 14.4pt on input line 26.
LaTeX Font Info:    Font shape `TU/texgyretermes(0)/b/n' will be
(Font)              scaled to size 10.95pt on input line 28.
LaTeX Font Info:    Font shape `TU/texgyretermes(0)/b/n' will be
(Font)              scaled to size 12.0pt on input line 30.


[1

]
Missing character: There is no ⁺ (U+207A) in font [texgyretermes-regular.otf]/O
T:script=latn;language=dflt;mapping=tex-text;!


[2]

[3]

[4]

[5]

[6]

[7] (./elegantpaper-cn.aux)
 ***********
LaTeX2e <2024-11-01> patch level 2
L3 programming layer <2022/08/05>
 ***********


LaTeX Warning: There were undefined references.

Package rerunfilecheck Info: File `elegantpaper-cn.out' has not changed.
(rerunfilecheck)             Checksum: 86C2641F27DCFC9199F14176444A6C51;1577.

Package biblatex Warning: Please (re)run Biber on the file:
(biblatex)                elegantpaper-cn
(biblatex)                and rerun LaTeX afterwards.

Package logreq Info: Writing requests to 'elegantpaper-cn.run.xml'.
\openout1 = `elegantpaper-cn.run.xml'.

 ) 
Here is how much of TeX's memory you used:
 27561 strings out of 475796
 570361 string characters out of 5772563
 1455900 words of memory out of 5000000
 50125 multiletter control sequences out of 15000+600000
 566988 words of font info for 108 fonts, out of 8000000 for 9000
 36 hyphenation exceptions out of 8191
 94i,6n,127p,812b,803s stack positions out of 10000i,1000n,20000p,200000b,200000s

Output written on elegantpaper-cn.pdf (7 pages).
